Technion Computer Science Department -- PDP/11 Simulator Version (3.5) AA.
--------------------------------------------------------------------------
This program is property of  the  Technion  Computer  Science  Department.
Permission  to use it is given only to students  enroled in courses taught
at the Department.  Outside distribution and use is prohibited.
--------------------------------------------------------------------------
Memory range :  000000 - 077777

@ b loop
breakpoint set at 001024
@ g main

breakpoint at 001024 (loop)
@ r
  r0     r1     r2     r3     r4     r5     sp     pc  priTNZVC   IR   time
000005 003500 004000 004500 005000 000000 001000 001024 0 00000 012704 11
@ d loop
breakpoint deleted at 001024
@ c

HALT  -  HALT  INSTRUCTION.
@ r
  r0     r1     r2     r3     r4     r5     sp     pc  priTNZVC   IR   time
000000 003512 004012 004512 005012 000000 001000 001040 0 00000 000000 87
@ e diff,diff+8
----------------------------------------------------------------------------
addr        00      02      04      06      10      12      14      16
----------------------------------------------------------------------------
005000  000001  000004  000004  000007  000010
@ e sum,sum+8
----------------------------------------------------------------------------
addr        00      02      04      06      10      12      14      16
----------------------------------------------------------------------------
004500  000005  000006  000004  000027  000014
@